0 silly input [ 'prepare' ]
1 silly flags { _: [ 'run' ], script: 'prepare', args: [] }
2 verbose rootPath C:\Users\Onelity-polyzoidou\Desktop\smartclide-design-pattern-selection-theia
3 info version 2.4.0
4 silly existsSync C:\Users\Onelity-polyzoidou\Desktop\smartclide-design-pattern-selection-theia\VERSION
5 silly initialize attempt
6 silly initialize success
7 silly execute attempt
8 silly runScriptInPackageStreaming [ 'prepare', [], 'smartclide-design-pattern-selection-theia' ]
9 silly getExecOpts {
9 silly getExecOpts   cwd: 'C:\\Users\\Onelity-polyzoidou\\Desktop\\smartclide-design-pattern-selection-theia\\smartclide-design-pattern-selection-theia'
9 silly getExecOpts }
10 error execute callback with error
11 error Error: Command failed: npm run prepare
11 error npm ERR! Workspaces not supported for global packages
11 error
11 error npm ERR! A complete log of this run can be found in:
11 error npm ERR!     C:\Users\Onelity-polyzoidou\AppData\Local\npm-cache\_logs\2022-05-08T14_19_11_606Z-debug-0.log
11 error error Command failed with exit code 1.
11 error npm ERR! Lifecycle script `prepare` failed with error:
11 error npm ERR! Error: command failed
11 error npm ERR!   in workspace: smartclide-design-pattern-selection-theia@0.0.0
11 error npm ERR!   at location: C:\Users\Onelity-polyzoidou\Desktop\smartclide-design-pattern-selection-theia\smartclide-design-pattern-selection-theia
11 error
11 error
11 error > smartclide-design-pattern-selection-theia@0.0.0 prepare
11 error > yarn run clean && yarn run build
11 error
11 error yarn run v1.22.18
11 error $ rimraf lib
11 error Done in 0.19s.
11 error yarn run v1.22.18
11 error $ tsc -b
11 error src/browser/functions.tsx(1,10): error TS6133: 'bindContributionProvider' is declared but its value is never read.
11 error info Visit https://yarnpkg.com/en/docs/cli/run for documentation about this command.
11 error
11 error     at C:\Users\Onelity-polyzoidou\Desktop\smartclide-design-pattern-selection-theia\node_modules\execa\index.js:236:11
